Cocos2d: 
<dict>
	cocos2d.x.version: 2.2.1
	cocos2d.x.compiled_with_profiler: false
	cocos2d.x.compiled_with_gl_state_cache: true
	gl.vendor: NVIDIA Corporation
	gl.renderer: NVIDIA GeForce GT 630 OpenGL Engine
	gl.version: 2.1 NVIDIA-8.12.47 310.40.00.05f01
	gl.max_texture_size: 16384
	gl.max_texture_units: 16
	gl.supports_PVRTC: false
	gl.supports_NPOT: true
	gl.supports_BGRA8888: false
	gl.supports_discard_framebuffer: false
	gl.supports_vertex_array_object: true
</dict>
Cocos2d: lua_loadChunksFromZIP() - load zip file: /Volumes/DATA/quick-cocos2d-x/lib/framework_precompiled/framework_precompiled.zip
Cocos2d: lua_loadChunksFromZIP() - loaded chunks count: 60
Cocos2d: ------------------------------------------------
Cocos2d: LOAD LUA FILE: /Volumes/DATA/2d-x-projects/2048/scripts/main.lua
Cocos2d: ------------------------------------------------
Cocos2d: [0.0093] [INFO] 
Cocos2d: [0.0093] [INFO] # DEBUG                        = 2
Cocos2d: [0.0093] [INFO] #
Cocos2d: [0.0093] [INFO] # device.platform              = mac
Cocos2d: [0.0093] [INFO] # device.model                 = unknown
Cocos2d: [0.0094] [INFO] # device.language              = en
Cocos2d: [0.0094] [INFO] # device.writablePath          = /Volumes/DATA/2d-x-projects/2048/
Cocos2d: [0.0094] [INFO] # device.cachePath             = /Volumes/DATA/2d-x-projects/2048/
Cocos2d: [0.0094] [INFO] # device.directorySeparator    = /
Cocos2d: [0.0094] [INFO] # device.pathSeparator         = :
Cocos2d: [0.0094] [INFO] #
Cocos2d: [0.0105] [INFO] # CONFIG_SCREEN_AUTOSCALE      = FIXED_WIDTH
Cocos2d: [0.0105] [INFO] # CONFIG_SCREEN_WIDTH          = 640.00
Cocos2d: [0.0105] [INFO] # CONFIG_SCREEN_HEIGHT         = 480.00
Cocos2d: [0.0105] [INFO] # display.widthInPixels        = 1024.00
Cocos2d: [0.0105] [INFO] # display.heightInPixels       = 768.00
Cocos2d: [0.0105] [INFO] # display.contentScaleFactor   = 1.60
Cocos2d: [0.0105] [INFO] # display.width                = 640.00
Cocos2d: [0.0105] [INFO] # display.height               = 480.00
Cocos2d: [0.0105] [INFO] # display.cx                   = 320.00
Cocos2d: [0.0105] [INFO] # display.cy                   = 240.00
Cocos2d: [0.0105] [INFO] # display.left                 = 0.00
Cocos2d: [0.0105] [INFO] # display.right                = 640.00
Cocos2d: [0.0105] [INFO] # display.top                  = 480.00
Cocos2d: [0.0105] [INFO] # display.bottom               = 0.00
Cocos2d: [0.0105] [INFO] # display.c_left               = -320.00
Cocos2d: [0.0105] [INFO] # display.c_right              = 320.00
Cocos2d: [0.0105] [INFO] # display.c_top                = 240.00
Cocos2d: [0.0105] [INFO] # display.c_bottom             = -240.00
Cocos2d: [0.0105] [INFO] #
Cocos2d: [0.0723] [INFO] Scene "MainScene:onEnter()"
Cocos2d: [10.0873] [INFO] LUA VM MEMORY USED: 1353.53 KB
Cocos2d: [20.0875] [INFO] LUA VM MEMORY USED: 1353.63 KB
Cocos2d: [30.0878] [INFO] LUA VM MEMORY USED: 1353.73 KB
Cocos2d: [40.0880] [INFO] LUA VM MEMORY USED: 1353.83 KB
Cocos2d: [50.1049] [INFO] LUA VM MEMORY USED: 1353.93 KB
Cocos2d: [60.1217] [INFO] LUA VM MEMORY USED: 1354.03 KB
Cocos2d: [70.1385] [INFO] LUA VM MEMORY USED: 1354.12 KB
